# JRE version: OpenJDK Runtime Environment (11.0.4+10) (build 11.0.4+10-b520.11)
# Java VM: OpenJDK 64-Bit Server VM (11.0.4+10-b520.11, mixed mode, sharing, tiered, compressed oops, g1 gc, windows-amd64)
Heap:
 garbage-first heap   total 405504K, used 35697K [0x0000000082e00000, 0x0000000100000000)
  region size 1024K, 1 young (1024K), 1 survivors (1024K)
 Metaspace       used 10887K, capacity 11311K, committed 11520K, reserved 1058816K
  class space    used 1330K, capacity 1522K, committed 1536K, reserved 1048576K
GC Heap History (10 events):
Event: 11.361 GC heap after
{Heap after GC invocations=35 (full 0):
 garbage-first heap   total 184320K, used 52072K [0x0000000082e00000, 0x0000000100000000)
  region size 1024K, 1 young (1024K), 1 survivors (1024K)
 Metaspace       used 10851K, capacity 11311K, committed 11520K, reserved 1058816K
  class space    used 1330K, capacity 1522K, committed 1536K, reserved 1048576K
}
Event: 11.382 GC heap before
{Heap before GC invocations=36 (full 0):
 garbage-first heap   total 184320K, used 76648K [0x0000000082e00000, 0x0000000100000000)
  region size 1024K, 2 young (2048K), 1 survivors (1024K)
 Metaspace       used 10856K, capacity 11311K, committed 11520K, reserved 1058816K
  class space    used 1330K, capacity 1522K, committed 1536K, reserved 1048576K
}
Event: 11.386 GC heap after
{Heap after GC invocations=37 (full 0):
 garbage-first heap   total 287744K, used 35682K [0x0000000082e00000, 0x0000000100000000)
  region size 1024K, 1 young (1024K), 1 survivors (1024K)
 Metaspace       used 10856K, capacity 11311K, committed 11520K, reserved 1058816K
  class space    used 1330K, capacity 1522K, committed 1536K, reserved 1048576K
}
Event: 11.495 GC heap before
{Heap before GC invocations=38 (full 0):
 garbage-first heap   total 287744K, used 125794K [0x0000000082e00000, 0x0000000100000000)
  region size 1024K, 2 young (2048K), 1 survivors (1024K)
 Metaspace       used 10878K, capacity 11311K, committed 11520K, reserved 1058816K
  class space    used 1330K, capacity 1522K, committed 1536K, reserved 1048576K
}
Event: 11.496 GC heap after
{Heap after GC invocations=39 (full 0):
 garbage-first heap   total 287744K, used 101225K [0x0000000082e00000, 0x0000000100000000)
  region size 1024K, 1 young (1024K), 1 survivors (1024K)
 Metaspace       used 10878K, capacity 11311K, committed 11520K, reserved 1058816K
  class space    used 1330K, capacity 1522K, committed 1536K, reserved 1048576K
}
Event: 11.527 GC heap before
{Heap before GC invocations=40 (full 0):
 garbage-first heap   total 287744K, used 125801K [0x0000000082e00000, 0x0000000100000000)
  region size 1024K, 2 young (2048K), 1 survivors (1024K)
 Metaspace       used 10878K, capacity 11311K, committed 11520K, reserved 1058816K
  class space    used 1330K, capacity 1522K, committed 1536K, reserved 1048576K
}
Event: 11.528 GC heap after
{Heap after GC invocations=41 (full 0):
 garbage-first heap   total 287744K, used 35691K [0x0000000082e00000, 0x0000000100000000)
  region size 1024K, 1 young (1024K), 1 survivors (1024K)
 Metaspace       used 10878K, capacity 11311K, committed 11520K, reserved 1058816K
  class space    used 1330K, capacity 1522K, committed 1536K, reserved 1048576K
}
Event: 11.616 GC heap before
{Heap before GC invocations=42 (full 0):
 garbage-first heap   total 287744K, used 126827K [0x0000000082e00000, 0x0000000100000000)
  region size 1024K, 3 young (3072K), 1 survivors (1024K)
 Metaspace       used 10886K, capacity 11311K, committed 11520K, reserved 1058816K
  class space    used 1330K, capacity 1522K, committed 1536K, reserved 1048576K
}
Event: 11.617 GC heap after
{Heap after GC invocations=43 (full 0):
 garbage-first heap   total 287744K, used 101231K [0x0000000082e00000, 0x0000000100000000)
  region size 1024K, 1 young (1024K), 1 survivors (1024K)
 Metaspace       used 10886K, capacity 11311K, committed 11520K, reserved 1058816K
  class space    used 1330K, capacity 1522K, committed 1536K, reserved 1048576K
}
Event: 11.643 GC heap before
{Heap before GC invocations=44 (full 0):
 garbage-first heap   total 287744K, used 125807K [0x0000000082e00000, 0x0000000100000000)
  region size 1024K, 2 young (2048K), 1 survivors (1024K)
 Metaspace       used 10887K, capacity 11311K, committed 11520K, reserved 1058816K
  class space    used 1330K, capacity 1522K, committed 1536K, reserved 1048576K
}

