# JRE version: OpenJDK Runtime Environment (11.0.4+10) (build 11.0.4+10-b520.11)
# Java VM: OpenJDK 64-Bit Server VM (11.0.4+10-b520.11, mixed mode, sharing, tiered, compressed oops, g1 gc, windows-amd64)
Heap:
 garbage-first heap   total 373760K, used 35696K [0x0000000082e00000, 0x0000000100000000)
  region size 1024K, 1 young (1024K), 1 survivors (1024K)
 Metaspace       used 10900K, capacity 11303K, committed 11520K, reserved 1058816K
  class space    used 1330K, capacity 1522K, committed 1536K, reserved 1048576K
GC Heap History (10 events):
Event: 9.932 GC heap after
{Heap after GC invocations=35 (full 0):
 garbage-first heap   total 173056K, used 52075K [0x0000000082e00000, 0x0000000100000000)
  region size 1024K, 1 young (1024K), 1 survivors (1024K)
 Metaspace       used 10864K, capacity 11303K, committed 11520K, reserved 1058816K
  class space    used 1330K, capacity 1522K, committed 1536K, reserved 1048576K
}
Event: 9.957 GC heap before
{Heap before GC invocations=36 (full 0):
 garbage-first heap   total 173056K, used 76651K [0x0000000082e00000, 0x0000000100000000)
  region size 1024K, 2 young (2048K), 1 survivors (1024K)
 Metaspace       used 10869K, capacity 11303K, committed 11520K, reserved 1058816K
  class space    used 1330K, capacity 1522K, committed 1536K, reserved 1048576K
}
Event: 9.962 GC heap after
{Heap after GC invocations=37 (full 0):
 garbage-first heap   total 249856K, used 35693K [0x0000000082e00000, 0x0000000100000000)
  region size 1024K, 1 young (1024K), 1 survivors (1024K)
 Metaspace       used 10869K, capacity 11303K, committed 11520K, reserved 1058816K
  class space    used 1330K, capacity 1522K, committed 1536K, reserved 1048576K
}
Event: 10.048 GC heap before
{Heap before GC invocations=38 (full 0):
 garbage-first heap   total 249856K, used 109421K [0x0000000082e00000, 0x0000000100000000)
  region size 1024K, 2 young (2048K), 1 survivors (1024K)
 Metaspace       used 10894K, capacity 11303K, committed 11520K, reserved 1058816K
  class space    used 1330K, capacity 1522K, committed 1536K, reserved 1048576K
}
Event: 10.049 GC heap after
{Heap after GC invocations=39 (full 0):
 garbage-first heap   total 249856K, used 84848K [0x0000000082e00000, 0x0000000100000000)
  region size 1024K, 1 young (1024K), 1 survivors (1024K)
 Metaspace       used 10894K, capacity 11303K, committed 11520K, reserved 1058816K
  class space    used 1330K, capacity 1522K, committed 1536K, reserved 1048576K
}
Event: 10.077 GC heap before
{Heap before GC invocations=40 (full 0):
 garbage-first heap   total 249856K, used 109424K [0x0000000082e00000, 0x0000000100000000)
  region size 1024K, 2 young (2048K), 1 survivors (1024K)
 Metaspace       used 10894K, capacity 11303K, committed 11520K, reserved 1058816K
  class space    used 1330K, capacity 1522K, committed 1536K, reserved 1048576K
}
Event: 10.078 GC heap after
{Heap after GC invocations=41 (full 0):
 garbage-first heap   total 249856K, used 35694K [0x0000000082e00000, 0x0000000100000000)
  region size 1024K, 1 young (1024K), 1 survivors (1024K)
 Metaspace       used 10894K, capacity 11303K, committed 11520K, reserved 1058816K
  class space    used 1330K, capacity 1522K, committed 1536K, reserved 1048576K
}
Event: 10.157 GC heap before
{Heap before GC invocations=42 (full 0):
 garbage-first heap   total 249856K, used 109422K [0x0000000082e00000, 0x0000000100000000)
  region size 1024K, 2 young (2048K), 1 survivors (1024K)
 Metaspace       used 10895K, capacity 11303K, committed 11520K, reserved 1058816K
  class space    used 1330K, capacity 1522K, committed 1536K, reserved 1048576K
}
Event: 10.158 GC heap after
{Heap after GC invocations=43 (full 0):
 garbage-first heap   total 249856K, used 84846K [0x0000000082e00000, 0x0000000100000000)
  region size 1024K, 1 young (1024K), 1 survivors (1024K)
 Metaspace       used 10895K, capacity 11303K, committed 11520K, reserved 1058816K
  class space    used 1330K, capacity 1522K, committed 1536K, reserved 1048576K
}
Event: 10.181 GC heap before
{Heap before GC invocations=44 (full 0):
 garbage-first heap   total 249856K, used 109422K [0x0000000082e00000, 0x0000000100000000)
  region size 1024K, 2 young (2048K), 1 survivors (1024K)
 Metaspace       used 10900K, capacity 11303K, committed 11520K, reserved 1058816K
  class space    used 1330K, capacity 1522K, committed 1536K, reserved 1048576K
}

