# JRE version: OpenJDK Runtime Environment (11.0.4+10) (build 11.0.4+10-b520.11)
# Java VM: OpenJDK 64-Bit Server VM (11.0.4+10-b520.11, mixed mode, sharing, tiered, compressed oops, g1 gc, windows-amd64)
Heap:
 garbage-first heap   total 312320K, used 35692K [0x0000000082e00000, 0x0000000100000000)
  region size 1024K, 1 young (1024K), 1 survivors (1024K)
 Metaspace       used 10957K, capacity 11367K, committed 11520K, reserved 1058816K
  class space    used 1329K, capacity 1522K, committed 1536K, reserved 1048576K
GC Heap History (10 events):
Event: 16.067 GC heap after
{Heap after GC invocations=27 (full 0):
 garbage-first heap   total 129024K, used 35690K [0x0000000082e00000, 0x0000000100000000)
  region size 1024K, 1 young (1024K), 1 survivors (1024K)
 Metaspace       used 10926K, capacity 11367K, committed 11520K, reserved 1058816K
  class space    used 1329K, capacity 1522K, committed 1536K, reserved 1048576K
}
Event: 16.089 GC heap before
{Heap before GC invocations=28 (full 0):
 garbage-first heap   total 129024K, used 60266K [0x0000000082e00000, 0x0000000100000000)
  region size 1024K, 2 young (2048K), 1 survivors (1024K)
 Metaspace       used 10926K, capacity 11367K, committed 11520K, reserved 1058816K
  class space    used 1329K, capacity 1522K, committed 1536K, reserved 1048576K
}
Event: 16.093 GC heap after
{Heap after GC invocations=29 (full 0):
 garbage-first heap   total 195584K, used 35686K [0x0000000082e00000, 0x0000000100000000)
  region size 1024K, 1 young (1024K), 1 survivors (1024K)
 Metaspace       used 10926K, capacity 11367K, committed 11520K, reserved 1058816K
  class space    used 1329K, capacity 1522K, committed 1536K, reserved 1048576K
}
Event: 16.146 GC heap before
{Heap before GC invocations=30 (full 0):
 garbage-first heap   total 195584K, used 84838K [0x0000000082e00000, 0x0000000100000000)
  region size 1024K, 2 young (2048K), 1 survivors (1024K)
 Metaspace       used 10935K, capacity 11367K, committed 11520K, reserved 1058816K
  class space    used 1329K, capacity 1522K, committed 1536K, reserved 1048576K
}
Event: 16.147 GC heap after
{Heap after GC invocations=31 (full 0):
 garbage-first heap   total 195584K, used 60264K [0x0000000082e00000, 0x0000000100000000)
  region size 1024K, 1 young (1024K), 1 survivors (1024K)
 Metaspace       used 10935K, capacity 11367K, committed 11520K, reserved 1058816K
  class space    used 1329K, capacity 1522K, committed 1536K, reserved 1048576K
}
Event: 16.173 GC heap before
{Heap before GC invocations=32 (full 0):
 garbage-first heap   total 195584K, used 84840K [0x0000000082e00000, 0x0000000100000000)
  region size 1024K, 2 young (2048K), 1 survivors (1024K)
 Metaspace       used 10937K, capacity 11367K, committed 11520K, reserved 1058816K
  class space    used 1329K, capacity 1522K, committed 1536K, reserved 1048576K
}
Event: 16.175 GC heap after
{Heap after GC invocations=33 (full 0):
 garbage-first heap   total 195584K, used 35690K [0x0000000082e00000, 0x0000000100000000)
  region size 1024K, 1 young (1024K), 1 survivors (1024K)
 Metaspace       used 10937K, capacity 11367K, committed 11520K, reserved 1058816K
  class space    used 1329K, capacity 1522K, committed 1536K, reserved 1048576K
}
Event: 16.222 GC heap before
{Heap before GC invocations=34 (full 0):
 garbage-first heap   total 195584K, used 84842K [0x0000000082e00000, 0x0000000100000000)
  region size 1024K, 2 young (2048K), 1 survivors (1024K)
 Metaspace       used 10957K, capacity 11367K, committed 11520K, reserved 1058816K
  class space    used 1329K, capacity 1522K, committed 1536K, reserved 1048576K
}
Event: 16.224 GC heap after
{Heap after GC invocations=35 (full 0):
 garbage-first heap   total 195584K, used 60270K [0x0000000082e00000, 0x0000000100000000)
  region size 1024K, 1 young (1024K), 1 survivors (1024K)
 Metaspace       used 10957K, capacity 11367K, committed 11520K, reserved 1058816K
  class space    used 1329K, capacity 1522K, committed 1536K, reserved 1048576K
}
Event: 16.248 GC heap before
{Heap before GC invocations=36 (full 0):
 garbage-first heap   total 195584K, used 84846K [0x0000000082e00000, 0x0000000100000000)
  region size 1024K, 2 young (2048K), 1 survivors (1024K)
 Metaspace       used 10957K, capacity 11367K, committed 11520K, reserved 1058816K
  class space    used 1329K, capacity 1522K, committed 1536K, reserved 1048576K
}

